[15:14:36] [ServerMain/INFO]: Building unoptimized datafixer
[15:14:37] [ServerMain/INFO]: Environment: authHost='https://authserver.mojang.com', accountsHost='https://api.mojang.com', sessionHost='https://sessionserver.mojang.com', servicesHost='https://api.minecraftservices.com', name='PROD'
[15:14:38] [ServerMain/INFO]: Loaded 7 recipes
[15:14:38] [ServerMain/INFO]: Loaded 1189 advancements
[15:14:38] [Server thread/INFO]: Starting minecraft server version 1.19.3
[15:14:38] [Server thread/INFO]: Loading properties
[15:14:38] [Server thread/INFO]: Default game type: SURVIVAL
[15:14:38] [Server thread/INFO]: Generating keypair
[15:14:38] [Server thread/INFO]: Starting Minecraft server on *:25565
[15:14:38] [Server thread/INFO]: Using default channel type
[15:14:39] [Server thread/INFO]: Preparing level "world"
[15:14:39] [Server thread/INFO]: Preparing start region for dimension minecraft:overworld
[15:14:41] [Worker-Main-8/INFO]: Preparing spawn area: 0%
[15:14:41] [Worker-Main-2/INFO]: Preparing spawn area: 0%
[15:14:41] [Worker-Main-8/INFO]: Preparing spawn area: 0%
[15:14:41] [Worker-Main-8/INFO]: Preparing spawn area: 0%
[15:14:41] [Worker-Main-4/INFO]: Preparing spawn area: 0%
[15:14:42] [Worker-Main-15/INFO]: Preparing spawn area: 4%
[15:14:42] [Worker-Main-11/INFO]: Preparing spawn area: 56%
[15:14:42] [Server thread/INFO]: Time elapsed: 3201 ms
[15:14:42] [Server thread/INFO]: Done (3.859s)! For help, type "help"
[15:14:43] [Server thread/WARN]: UUID of added entity already exists: bsy['Armor Stand'/181, l='ServerLevel[world]', x=22068880.50, y=1000.00, z=-4185487.50]
[15:15:11] [User Authenticator #1/INFO]: UUID of player Violet373 is 9a304b58-cb2e-444c-82ef-1d27eaa061bf
[15:15:11] [Server thread/INFO]: Violet373[/127.84.218.126:54470] logged in with entity id 183 at (-5.912051187417493, 101.0, -246.23750001192093)
[15:15:11] [Server thread/INFO]: Violet373 joined the game
[15:15:21] [Server thread/INFO]: <Violet373> tes
[15:15:34] [Server thread/INFO]: <Violet373> ngentot
[15:17:35] [Server thread/WARN]: Can't keep up! Is the server overloaded? Running 2312ms or 46 ticks behind
[15:17:53] [Server thread/WARN]: Can't keep up! Is the server overloaded? Running 3593ms or 71 ticks behind
[15:20:41] [User Authenticator #2/INFO]: UUID of player Integralfx is 54325595-dbf3-4e67-b784-09de6ebbcbeb
[15:20:42] [Server thread/INFO]: Integralfx[/127.0.0.1:50401] logged in with entity id 1195 at (159.6702700353437, 80.0, 248.1276186794373)
[15:20:42] [Server thread/INFO]: Integralfx joined the game
[15:20:52] [Server thread/INFO]: Integralfx lost connection: Disconnected
[15:20:52] [Server thread/INFO]: Integralfx left the game
[15:21:37] [Server thread/INFO]: Violet373 lost connection: Disconnected
[15:21:37] [Server thread/INFO]: Violet373 left the game
[15:34:45] [Server thread/INFO]: Stopping the server
[15:34:45] [Server thread/INFO]: Stopping server
[15:34:45] [Server thread/INFO]: Saving players
[15:34:45] [Server thread/INFO]: Saving worlds
[15:34:46] [Server thread/INFO]: Saving chunks for level 'ServerLevel[world]'/minecraft:overworld
[15:34:46] [Server thread/INFO]: Saving chunks for level 'ServerLevel[world]'/minecraft:the_end
[15:34:46] [Server thread/INFO]: Saving chunks for level 'ServerLevel[world]'/minecraft:the_nether
[15:34:46] [Server thread/INFO]: ThreadedAnvilChunkStorage (world): All chunks are saved
[15:34:46] [Server thread/INFO]: ThreadedAnvilChunkStorage (DIM1): All chunks are saved
[15:34:46] [Server thread/INFO]: ThreadedAnvilChunkStorage (DIM-1): All chunks are saved
[15:34:46] [Server thread/INFO]: ThreadedAnvilChunkStorage: All dimensions are saved
